{"C:\\Users\\wook\\react-study\\35-STUDY-WEB-RESIMS\\week8\\src\\assets\\members.js": {"path":"C:\\Users\\wook\\react-study\\35-STUDY-WEB-RESIMS\\week8\\src\\assets\\members.js","statementMap":{"0":{"start":{"line":1,"column":23},"end":{"line":31,"column":1}}},"fnMap":{},"branchMap":{},"s":{"0":1},"f":{},"b":{},"_coverageSchema":"1a1c01bbd47fc00a2c39e90264f33305004495a9","hash":"d643aa679c497c3936bc00918f8cb0fcc869ae5f"}
,"C:\\Users\\wook\\react-study\\35-STUDY-WEB-RESIMS\\week8\\src\\components\\FilterList.jsx": {"path":"C:\\Users\\wook\\react-study\\35-STUDY-WEB-RESIMS\\week8\\src\\components\\FilterList.jsx","statementMap":{"0":{"start":{"line":3,"column":19},"end":{"line":28,"column":1}},"1":{"start":{"line":4,"column":28},"end":{"line":4,"column":40}},"2":{"start":{"line":6,"column":24},"end":{"line":8,"column":3}},"3":{"start":{"line":7,"column":4},"end":{"line":7,"column":62}},"4":{"start":{"line":10,"column":2},"end":{"line":27,"column":4}},"5":{"start":{"line":16,"column":25},"end":{"line":16,"column":49}},"6":{"start":{"line":21,"column":45},"end":{"line":21,"column":77}}},"fnMap":{"0":{"name":"(anonymous_0)","decl":{"start":{"line":3,"column":19},"end":{"line":3,"column":20}},"loc":{"start":{"line":3,"column":34},"end":{"line":28,"column":1}},"line":3},"1":{"name":"(anonymous_1)","decl":{"start":{"line":6,"column":37},"end":{"line":6,"column":38}},"loc":{"start":{"line":7,"column":4},"end":{"line":7,"column":62}},"line":7},"2":{"name":"(anonymous_2)","decl":{"start":{"line":16,"column":18},"end":{"line":16,"column":19}},"loc":{"start":{"line":16,"column":25},"end":{"line":16,"column":49}},"line":16},"3":{"name":"(anonymous_3)","decl":{"start":{"line":21,"column":28},"end":{"line":21,"column":29}},"loc":{"start":{"line":21,"column":45},"end":{"line":21,"column":77}},"line":21}},"branchMap":{"0":{"loc":{"start":{"line":20,"column":9},"end":{"line":24,"column":9}},"type":"cond-expr","locations":[{"start":{"line":21,"column":10},"end":{"line":21,"column":78}},{"start":{"line":23,"column":10},"end":{"line":23,"column":31}}],"line":20}},"s":{"0":1,"1":8,"2":8,"3":232,"4":8,"5":4,"6":167},"f":{"0":8,"1":232,"2":4,"3":167},"b":{"0":[7,1]},"_coverageSchema":"1a1c01bbd47fc00a2c39e90264f33305004495a9","hash":"6710e23afb9a1de526e289e7b9d58eec23f8dc6d"}
}
